
> k12-frontend@0.1.0 dev
> next dev

▲ Next.js 16.2.1 (Turbopack)
- Local:         http://localhost:3000
- Network:       http://172.20.10.13:3000
- Environments: .env.local
✓ Ready in 242ms
[@sentry/nextjs] DEPRECATION WARNING: disableLogger is deprecated and will be removed in a future version. Use webpack.treeshake.removeDebugLogging instead. (Not supported with Turbopack.)
- Experiments (use with caution):
  · clientTraceMetadata

[Clerk] Publishable key present: true
[API] Connected to: http://localhost:3001
Warning: Please use the `legacy` build in Node.js environments.
⨯ ReferenceError: DOMMatrix is not defined
    at module evaluation (webpack://pdf.js/src/display/canvas.js:64:22)
    at module evaluation (src/app/session/[id]/page.tsx:16:1)
  62 | // Only used in rescaleAndStroke. The goal is to avoid
  63 | // creating a new DOMMatrix object each time we need it.
> 64 | const SCALE_MATRIX = new DOMMatrix();
     |                      ^
  65 |
  66 | // Used to get some coordinates.
  67 | const XY = new Float32Array(2); {
  digest: '1147691993'
}
 HEAD /session/test-session-id 200 in 1044ms (next.js: 470ms, application-code: 574ms)
